\BOOKMARK [0][-]{chapter.1}{\376\377\0001\000\040\000H\000i\000e\000r\000a\000r\000c\000h\000i\000c\000a\000l\000\040\000I\000n\000d\000e\000x}{}% 1
\BOOKMARK [1][-]{section.1.1}{\376\377\0001\000.\0001\000\040\000C\000l\000a\000s\000s\000\040\000H\000i\000e\000r\000a\000r\000c\000h\000y}{chapter.1}% 2
\BOOKMARK [0][-]{chapter.2}{\376\377\0002\000\040\000C\000l\000a\000s\000s\000\040\000I\000n\000d\000e\000x}{}% 3
\BOOKMARK [1][-]{section.2.1}{\376\377\0002\000.\0001\000\040\000C\000l\000a\000s\000s\000\040\000L\000i\000s\000t}{chapter.2}% 4
\BOOKMARK [0][-]{chapter.3}{\376\377\0003\000\040\000C\000l\000a\000s\000s\000\040\000D\000o\000c\000u\000m\000e\000n\000t\000a\000t\000i\000o\000n}{}% 5
\BOOKMARK [1][-]{section.3.1}{\376\377\0003\000.\0001\000\040\000A\000d\000d\000C\000o\000n\000t\000r\000i\000b\000u\000t\000o\000r\000y\000D\000i\000a\000l\000o\000g\000\040\000C\000l\000a\000s\000s\000\040\000R\000e\000f\000e\000r\000e\000n\000c\000e}{chapter.3}% 6
\BOOKMARK [2][-]{subsection.3.1.1}{\376\377\0003\000.\0001\000.\0001\000\040\000D\000e\000t\000a\000i\000l\000e\000d\000\040\000D\000e\000s\000c\000r\000i\000p\000t\000i\000o\000n}{section.3.1}% 7
\BOOKMARK [2][-]{subsection.3.1.2}{\376\377\0003\000.\0001\000.\0002\000\040\000C\000o\000n\000s\000t\000r\000u\000c\000t\000o\000r\000\040\000\046\000\040\000D\000e\000s\000t\000r\000u\000c\000t\000o\000r\000\040\000D\000o\000c\000u\000m\000e\000n\000t\000a\000t\000i\000o\000n}{section.3.1}% 8
\BOOKMARK [3][-]{subsubsection.3.1.2.1}{\376\377\0003\000.\0001\000.\0002\000.\0001\000\040\000A\000d\000d\000C\000o\000n\000t\000r\000i\000b\000u\000t\000o\000r\000y\000D\000i\000a\000l\000o\000g}{subsection.3.1.2}% 9
\BOOKMARK [1][-]{section.3.2}{\376\377\0003\000.\0002\000\040\000A\000d\000d\000P\000r\000o\000j\000e\000c\000t\000D\000i\000a\000l\000o\000g\000\040\000C\000l\000a\000s\000s\000\040\000R\000e\000f\000e\000r\000e\000n\000c\000e}{chapter.3}% 10
\BOOKMARK [2][-]{subsection.3.2.1}{\376\377\0003\000.\0002\000.\0001\000\040\000D\000e\000t\000a\000i\000l\000e\000d\000\040\000D\000e\000s\000c\000r\000i\000p\000t\000i\000o\000n}{section.3.2}% 11
\BOOKMARK [2][-]{subsection.3.2.2}{\376\377\0003\000.\0002\000.\0002\000\040\000C\000o\000n\000s\000t\000r\000u\000c\000t\000o\000r\000\040\000\046\000\040\000D\000e\000s\000t\000r\000u\000c\000t\000o\000r\000\040\000D\000o\000c\000u\000m\000e\000n\000t\000a\000t\000i\000o\000n}{section.3.2}% 12
\BOOKMARK [3][-]{subsubsection.3.2.2.1}{\376\377\0003\000.\0002\000.\0002\000.\0001\000\040\000A\000d\000d\000P\000r\000o\000j\000e\000c\000t\000D\000i\000a\000l\000o\000g}{subsection.3.2.2}% 13
\BOOKMARK [1][-]{section.3.3}{\376\377\0003\000.\0003\000\040\000B\000i\000l\000l\000i\000n\000g\000\040\000C\000l\000a\000s\000s\000\040\000R\000e\000f\000e\000r\000e\000n\000c\000e}{chapter.3}% 14
\BOOKMARK [2][-]{subsection.3.3.1}{\376\377\0003\000.\0003\000.\0001\000\040\000D\000e\000t\000a\000i\000l\000e\000d\000\040\000D\000e\000s\000c\000r\000i\000p\000t\000i\000o\000n}{section.3.3}% 15
\BOOKMARK [2][-]{subsection.3.3.2}{\376\377\0003\000.\0003\000.\0002\000\040\000M\000e\000m\000b\000e\000r\000\040\000F\000u\000n\000c\000t\000i\000o\000n\000\040\000D\000o\000c\000u\000m\000e\000n\000t\000a\000t\000i\000o\000n}{section.3.3}% 16
\BOOKMARK [3][-]{subsubsection.3.3.2.1}{\376\377\0003\000.\0003\000.\0002\000.\0001\000\040\000g\000e\000t\000C\000o\000n\000t\000r\000i\000b\000u\000t\000o\000r\000i\000e\000s}{subsection.3.3.2}% 17
\BOOKMARK [3][-]{subsubsection.3.3.2.2}{\376\377\0003\000.\0003\000.\0002\000.\0002\000\040\000g\000e\000t\000D\000a\000t\000e}{subsection.3.3.2}% 18
\BOOKMARK [3][-]{subsubsection.3.3.2.3}{\376\377\0003\000.\0003\000.\0002\000.\0003\000\040\000g\000e\000t\000N\000u\000m\000b\000e\000r}{subsection.3.3.2}% 19
\BOOKMARK [3][-]{subsubsection.3.3.2.4}{\376\377\0003\000.\0003\000.\0002\000.\0004\000\040\000g\000e\000t\000T\000i\000t\000l\000e}{subsection.3.3.2}% 20
\BOOKMARK [3][-]{subsubsection.3.3.2.5}{\376\377\0003\000.\0003\000.\0002\000.\0005\000\040\000h\000y\000d\000r\000a\000t}{subsection.3.3.2}% 21
\BOOKMARK [3][-]{subsubsection.3.3.2.6}{\376\377\0003\000.\0003\000.\0002\000.\0006\000\040\000i\000s\000B\000i\000l\000l\000i\000n\000g}{subsection.3.3.2}% 22
\BOOKMARK [3][-]{subsubsection.3.3.2.7}{\376\377\0003\000.\0003\000.\0002\000.\0007\000\040\000s\000e\000t\000D\000a\000t\000e}{subsection.3.3.2}% 23
\BOOKMARK [3][-]{subsubsection.3.3.2.8}{\376\377\0003\000.\0003\000.\0002\000.\0008\000\040\000s\000e\000t\000I\000s\000B\000i\000l\000l\000i\000n\000g}{subsection.3.3.2}% 24
\BOOKMARK [3][-]{subsubsection.3.3.2.9}{\376\377\0003\000.\0003\000.\0002\000.\0009\000\040\000s\000e\000t\000N\000u\000m\000b\000e\000r}{subsection.3.3.2}% 25
\BOOKMARK [3][-]{subsubsection.3.3.2.10}{\376\377\0003\000.\0003\000.\0002\000.\0001\0000\000\040\000s\000e\000t\000T\000i\000t\000l\000e}{subsection.3.3.2}% 26
\BOOKMARK [1][-]{section.3.4}{\376\377\0003\000.\0004\000\040\000C\000o\000m\000b\000o\000B\000o\000x\000M\000o\000d\000e\000l\000W\000i\000d\000g\000e\000t\000\040\000C\000l\000a\000s\000s\000\040\000R\000e\000f\000e\000r\000e\000n\000c\000e}{chapter.3}% 27
\BOOKMARK [1][-]{section.3.5}{\376\377\0003\000.\0005\000\040\000c\000o\000n\000n\000e\000x\000i\000o\000n\000d\000i\000a\000l\000o\000g\000\040\000C\000l\000a\000s\000s\000\040\000R\000e\000f\000e\000r\000e\000n\000c\000e}{chapter.3}% 28
\BOOKMARK [1][-]{section.3.6}{\376\377\0003\000.\0006\000\040\000C\000o\000n\000t\000r\000i\000b\000u\000t\000o\000r\000y\000\040\000C\000l\000a\000s\000s\000\040\000R\000e\000f\000e\000r\000e\000n\000c\000e}{chapter.3}% 29
\BOOKMARK [2][-]{subsection.3.6.1}{\376\377\0003\000.\0006\000.\0001\000\040\000D\000e\000t\000a\000i\000l\000e\000d\000\040\000D\000e\000s\000c\000r\000i\000p\000t\000i\000o\000n}{section.3.6}% 30
\BOOKMARK [2][-]{subsection.3.6.2}{\376\377\0003\000.\0006\000.\0002\000\040\000M\000e\000m\000b\000e\000r\000\040\000F\000u\000n\000c\000t\000i\000o\000n\000\040\000D\000o\000c\000u\000m\000e\000n\000t\000a\000t\000i\000o\000n}{section.3.6}% 31
\BOOKMARK [3][-]{subsubsection.3.6.2.1}{\376\377\0003\000.\0006\000.\0002\000.\0001\000\040\000g\000e\000t\000P\000r\000o\000j\000e\000c\000t}{subsection.3.6.2}% 32
\BOOKMARK [3][-]{subsubsection.3.6.2.2}{\376\377\0003\000.\0006\000.\0002\000.\0002\000\040\000h\000y\000d\000r\000a\000t}{subsection.3.6.2}% 33
\BOOKMARK [3][-]{subsubsection.3.6.2.3}{\376\377\0003\000.\0006\000.\0002\000.\0003\000\040\000s\000e\000t\000P\000r\000o\000j\000e\000c\000t}{subsection.3.6.2}% 34
\BOOKMARK [1][-]{section.3.7}{\376\377\0003\000.\0007\000\040\000C\000u\000s\000t\000o\000m\000e\000r\000\040\000C\000l\000a\000s\000s\000\040\000R\000e\000f\000e\000r\000e\000n\000c\000e}{chapter.3}% 35
\BOOKMARK [2][-]{subsection.3.7.1}{\376\377\0003\000.\0007\000.\0001\000\040\000D\000e\000t\000a\000i\000l\000e\000d\000\040\000D\000e\000s\000c\000r\000i\000p\000t\000i\000o\000n}{section.3.7}% 36
\BOOKMARK [2][-]{subsection.3.7.2}{\376\377\0003\000.\0007\000.\0002\000\040\000C\000o\000n\000s\000t\000r\000u\000c\000t\000o\000r\000\040\000\046\000\040\000D\000e\000s\000t\000r\000u\000c\000t\000o\000r\000\040\000D\000o\000c\000u\000m\000e\000n\000t\000a\000t\000i\000o\000n}{section.3.7}% 37
\BOOKMARK [3][-]{subsubsection.3.7.2.1}{\376\377\0003\000.\0007\000.\0002\000.\0001\000\040\000C\000u\000s\000t\000o\000m\000e\000r}{subsection.3.7.2}% 38
\BOOKMARK [2][-]{subsection.3.7.3}{\376\377\0003\000.\0007\000.\0003\000\040\000M\000e\000m\000b\000e\000r\000\040\000F\000u\000n\000c\000t\000i\000o\000n\000\040\000D\000o\000c\000u\000m\000e\000n\000t\000a\000t\000i\000o\000n}{section.3.7}% 39
\BOOKMARK [3][-]{subsubsection.3.7.3.1}{\376\377\0003\000.\0007\000.\0003\000.\0001\000\040\000g\000e\000t\000A\000d\000d\000r\000e\000s\000s}{subsection.3.7.3}% 40
\BOOKMARK [3][-]{subsubsection.3.7.3.2}{\376\377\0003\000.\0007\000.\0003\000.\0002\000\040\000g\000e\000t\000C\000i\000t\000y}{subsection.3.7.3}% 41
\BOOKMARK [3][-]{subsubsection.3.7.3.3}{\376\377\0003\000.\0007\000.\0003\000.\0003\000\040\000g\000e\000t\000C\000o\000m\000p\000a\000n\000y}{subsection.3.7.3}% 42
\BOOKMARK [3][-]{subsubsection.3.7.3.4}{\376\377\0003\000.\0007\000.\0003\000.\0004\000\040\000g\000e\000t\000C\000o\000u\000n\000t\000r\000y}{subsection.3.7.3}% 43
\BOOKMARK [3][-]{subsubsection.3.7.3.5}{\376\377\0003\000.\0007\000.\0003\000.\0005\000\040\000g\000e\000t\000E\000m\000a\000i\000l}{subsection.3.7.3}% 44
\BOOKMARK [3][-]{subsubsection.3.7.3.6}{\376\377\0003\000.\0007\000.\0003\000.\0006\000\040\000g\000e\000t\000F\000a\000x}{subsection.3.7.3}% 45
\BOOKMARK [3][-]{subsubsection.3.7.3.7}{\376\377\0003\000.\0007\000.\0003\000.\0007\000\040\000g\000e\000t\000F\000i\000r\000s\000t\000n\000a\000m\000e\000R\000e\000f\000e\000r\000e\000n\000t}{subsection.3.7.3}% 46
\BOOKMARK [3][-]{subsubsection.3.7.3.8}{\376\377\0003\000.\0007\000.\0003\000.\0008\000\040\000g\000e\000t\000L\000a\000s\000t\000n\000a\000m\000e\000R\000e\000f\000e\000r\000e\000n\000t}{subsection.3.7.3}% 47
\BOOKMARK [3][-]{subsubsection.3.7.3.9}{\376\377\0003\000.\0007\000.\0003\000.\0009\000\040\000g\000e\000t\000M\000o\000b\000i\000l\000e\000P\000h\000o\000n\000e}{subsection.3.7.3}% 48
\BOOKMARK [3][-]{subsubsection.3.7.3.10}{\376\377\0003\000.\0007\000.\0003\000.\0001\0000\000\040\000g\000e\000t\000P\000h\000o\000n\000e}{subsection.3.7.3}% 49
\BOOKMARK [3][-]{subsubsection.3.7.3.11}{\376\377\0003\000.\0007\000.\0003\000.\0001\0001\000\040\000g\000e\000t\000P\000o\000s\000t\000a\000l\000C\000o\000d\000e}{subsection.3.7.3}% 50
\BOOKMARK [3][-]{subsubsection.3.7.3.12}{\376\377\0003\000.\0007\000.\0003\000.\0001\0002\000\040\000h\000y\000d\000r\000a\000t}{subsection.3.7.3}% 51
\BOOKMARK [3][-]{subsubsection.3.7.3.13}{\376\377\0003\000.\0007\000.\0003\000.\0001\0003\000\040\000o\000p\000e\000r\000a\000t\000o\000r\000"\000!\000=}{subsection.3.7.3}% 52
\BOOKMARK [3][-]{subsubsection.3.7.3.14}{\376\377\0003\000.\0007\000.\0003\000.\0001\0004\000\040\000o\000p\000e\000r\000a\000t\000o\000r\000=\000=}{subsection.3.7.3}% 53
\BOOKMARK [3][-]{subsubsection.3.7.3.15}{\376\377\0003\000.\0007\000.\0003\000.\0001\0005\000\040\000s\000e\000t\000A\000d\000d\000r\000e\000s\000s}{subsection.3.7.3}% 54
\BOOKMARK [3][-]{subsubsection.3.7.3.16}{\376\377\0003\000.\0007\000.\0003\000.\0001\0006\000\040\000s\000e\000t\000C\000i\000t\000y}{subsection.3.7.3}% 55
\BOOKMARK [3][-]{subsubsection.3.7.3.17}{\376\377\0003\000.\0007\000.\0003\000.\0001\0007\000\040\000s\000e\000t\000C\000o\000m\000p\000a\000n\000y}{subsection.3.7.3}% 56
\BOOKMARK [3][-]{subsubsection.3.7.3.18}{\376\377\0003\000.\0007\000.\0003\000.\0001\0008\000\040\000s\000e\000t\000C\000o\000u\000n\000t\000r\000y}{subsection.3.7.3}% 57
\BOOKMARK [3][-]{subsubsection.3.7.3.19}{\376\377\0003\000.\0007\000.\0003\000.\0001\0009\000\040\000s\000e\000t\000E\000m\000a\000i\000l}{subsection.3.7.3}% 58
\BOOKMARK [3][-]{subsubsection.3.7.3.20}{\376\377\0003\000.\0007\000.\0003\000.\0002\0000\000\040\000s\000e\000t\000F\000a\000x}{subsection.3.7.3}% 59
\BOOKMARK [3][-]{subsubsection.3.7.3.21}{\376\377\0003\000.\0007\000.\0003\000.\0002\0001\000\040\000s\000e\000t\000F\000i\000r\000s\000t\000n\000a\000m\000e\000R\000e\000f\000e\000r\000e\000n\000t}{subsection.3.7.3}% 60
\BOOKMARK [3][-]{subsubsection.3.7.3.22}{\376\377\0003\000.\0007\000.\0003\000.\0002\0002\000\040\000s\000e\000t\000L\000a\000s\000t\000n\000a\000m\000e\000R\000e\000f\000e\000r\000e\000n\000t}{subsection.3.7.3}% 61
\BOOKMARK [3][-]{subsubsection.3.7.3.23}{\376\377\0003\000.\0007\000.\0003\000.\0002\0003\000\040\000s\000e\000t\000M\000o\000b\000i\000l\000e\000P\000h\000o\000n\000e}{subsection.3.7.3}% 62
\BOOKMARK [3][-]{subsubsection.3.7.3.24}{\376\377\0003\000.\0007\000.\0003\000.\0002\0004\000\040\000s\000e\000t\000P\000h\000o\000n\000e}{subsection.3.7.3}% 63
\BOOKMARK [3][-]{subsubsection.3.7.3.25}{\376\377\0003\000.\0007\000.\0003\000.\0002\0005\000\040\000s\000e\000t\000P\000o\000s\000t\000a\000l\000C\000o\000d\000e}{subsection.3.7.3}% 64
\BOOKMARK [1][-]{section.3.8}{\376\377\0003\000.\0008\000\040\000C\000u\000s\000t\000o\000m\000e\000r\000C\000o\000n\000t\000e\000x\000t\000u\000a\000l\000M\000e\000n\000u\000\040\000C\000l\000a\000s\000s\000\040\000R\000e\000f\000e\000r\000e\000n\000c\000e}{chapter.3}% 65
\BOOKMARK [1][-]{section.3.9}{\376\377\0003\000.\0009\000\040\000C\000u\000s\000t\000o\000m\000e\000r\000D\000a\000t\000a\000b\000a\000s\000e\000\040\000C\000l\000a\000s\000s\000\040\000R\000e\000f\000e\000r\000e\000n\000c\000e}{chapter.3}% 66
\BOOKMARK [2][-]{subsection.3.9.1}{\376\377\0003\000.\0009\000.\0001\000\040\000D\000e\000t\000a\000i\000l\000e\000d\000\040\000D\000e\000s\000c\000r\000i\000p\000t\000i\000o\000n}{section.3.9}% 67
\BOOKMARK [2][-]{subsection.3.9.2}{\376\377\0003\000.\0009\000.\0002\000\040\000M\000e\000m\000b\000e\000r\000\040\000F\000u\000n\000c\000t\000i\000o\000n\000\040\000D\000o\000c\000u\000m\000e\000n\000t\000a\000t\000i\000o\000n}{section.3.9}% 68
\BOOKMARK [3][-]{subsubsection.3.9.2.1}{\376\377\0003\000.\0009\000.\0002\000.\0001\000\040\000a\000d\000d\000C\000u\000s\000t\000o\000m\000e\000r}{subsection.3.9.2}% 69
\BOOKMARK [3][-]{subsubsection.3.9.2.2}{\376\377\0003\000.\0009\000.\0002\000.\0002\000\040\000g\000e\000t\000C\000u\000s\000t\000o\000m\000e\000r}{subsection.3.9.2}% 70
\BOOKMARK [3][-]{subsubsection.3.9.2.3}{\376\377\0003\000.\0009\000.\0002\000.\0003\000\040\000g\000e\000t\000C\000u\000s\000t\000o\000m\000e\000r\000s\000T\000a\000b\000l\000e}{subsection.3.9.2}% 71
\BOOKMARK [3][-]{subsubsection.3.9.2.4}{\376\377\0003\000.\0009\000.\0002\000.\0004\000\040\000g\000e\000t\000C\000u\000s\000t\000o\000m\000e\000r\000s\000T\000r\000e\000e}{subsection.3.9.2}% 72
\BOOKMARK [3][-]{subsubsection.3.9.2.5}{\376\377\0003\000.\0009\000.\0002\000.\0005\000\040\000g\000e\000t\000N\000b\000C\000u\000s\000t\000o\000m\000e\000r\000s}{subsection.3.9.2}% 73
\BOOKMARK [3][-]{subsubsection.3.9.2.6}{\376\377\0003\000.\0009\000.\0002\000.\0006\000\040\000i\000n\000s\000t\000a\000n\000c\000e}{subsection.3.9.2}% 74
\BOOKMARK [3][-]{subsubsection.3.9.2.7}{\376\377\0003\000.\0009\000.\0002\000.\0007\000\040\000r\000e\000m\000o\000v\000e\000C\000u\000s\000t\000o\000m\000e\000r}{subsection.3.9.2}% 75
\BOOKMARK [1][-]{section.3.10}{\376\377\0003\000.\0001\0000\000\040\000C\000u\000s\000t\000o\000m\000e\000r\000D\000a\000t\000a\000W\000i\000d\000g\000e\000t\000\040\000C\000l\000a\000s\000s\000\040\000R\000e\000f\000e\000r\000e\000n\000c\000e}{chapter.3}% 76
\BOOKMARK [1][-]{section.3.11}{\376\377\0003\000.\0001\0001\000\040\000D\000a\000t\000a\000b\000a\000s\000e\000\040\000C\000l\000a\000s\000s\000\040\000R\000e\000f\000e\000r\000e\000n\000c\000e}{chapter.3}% 77
\BOOKMARK [2][-]{subsection.3.11.1}{\376\377\0003\000.\0001\0001\000.\0001\000\040\000D\000e\000t\000a\000i\000l\000e\000d\000\040\000D\000e\000s\000c\000r\000i\000p\000t\000i\000o\000n}{section.3.11}% 78
\BOOKMARK [2][-]{subsection.3.11.2}{\376\377\0003\000.\0001\0001\000.\0002\000\040\000M\000e\000m\000b\000e\000r\000\040\000F\000u\000n\000c\000t\000i\000o\000n\000\040\000D\000o\000c\000u\000m\000e\000n\000t\000a\000t\000i\000o\000n}{section.3.11}% 79
\BOOKMARK [3][-]{subsubsection.3.11.2.1}{\376\377\0003\000.\0001\0001\000.\0002\000.\0001\000\040\000e\000x\000e\000c\000u\000t\000e\000F\000i\000l\000e}{subsection.3.11.2}% 80
\BOOKMARK [3][-]{subsubsection.3.11.2.2}{\376\377\0003\000.\0001\0001\000.\0002\000.\0002\000\040\000i\000n\000s\000t\000a\000n\000c\000e}{subsection.3.11.2}% 81
\BOOKMARK [3][-]{subsubsection.3.11.2.3}{\376\377\0003\000.\0001\0001\000.\0002\000.\0003\000\040\000l\000a\000s\000t\000E\000r\000r\000o\000r}{subsection.3.11.2}% 82
\BOOKMARK [3][-]{subsubsection.3.11.2.4}{\376\377\0003\000.\0001\0001\000.\0002\000.\0004\000\040\000s\000e\000t\000D\000a\000t\000a\000b\000a\000s\000e}{subsection.3.11.2}% 83
\BOOKMARK [3][-]{subsubsection.3.11.2.5}{\376\377\0003\000.\0001\0001\000.\0002\000.\0005\000\040\000v\000a\000l\000u\000e}{subsection.3.11.2}% 84
\BOOKMARK [1][-]{section.3.12}{\376\377\0003\000.\0001\0002\000\040\000D\000b\000E\000x\000c\000e\000p\000t\000i\000o\000n\000\040\000C\000l\000a\000s\000s\000\040\000R\000e\000f\000e\000r\000e\000n\000c\000e}{chapter.3}% 85
\BOOKMARK [2][-]{subsection.3.12.1}{\376\377\0003\000.\0001\0002\000.\0001\000\040\000D\000e\000t\000a\000i\000l\000e\000d\000\040\000D\000e\000s\000c\000r\000i\000p\000t\000i\000o\000n}{section.3.12}% 86
\BOOKMARK [2][-]{subsection.3.12.2}{\376\377\0003\000.\0001\0002\000.\0002\000\040\000C\000o\000n\000s\000t\000r\000u\000c\000t\000o\000r\000\040\000\046\000\040\000D\000e\000s\000t\000r\000u\000c\000t\000o\000r\000\040\000D\000o\000c\000u\000m\000e\000n\000t\000a\000t\000i\000o\000n}{section.3.12}% 87
\BOOKMARK [3][-]{subsubsection.3.12.2.1}{\376\377\0003\000.\0001\0002\000.\0002\000.\0001\000\040\000D\000b\000E\000x\000c\000e\000p\000t\000i\000o\000n}{subsection.3.12.2}% 88
\BOOKMARK [2][-]{subsection.3.12.3}{\376\377\0003\000.\0001\0002\000.\0003\000\040\000M\000e\000m\000b\000e\000r\000\040\000F\000u\000n\000c\000t\000i\000o\000n\000\040\000D\000o\000c\000u\000m\000e\000n\000t\000a\000t\000i\000o\000n}{section.3.12}% 89
\BOOKMARK [3][-]{subsubsection.3.12.3.1}{\376\377\0003\000.\0001\0002\000.\0003\000.\0001\000\040\000p\000o\000p\000u\000p\000M\000e\000s\000s\000a\000g\000e}{subsection.3.12.3}% 90
\BOOKMARK [1][-]{section.3.13}{\376\377\0003\000.\0001\0003\000\040\000D\000i\000a\000l\000o\000g\000A\000d\000d\000C\000u\000s\000t\000o\000m\000e\000r\000\040\000C\000l\000a\000s\000s\000\040\000R\000e\000f\000e\000r\000e\000n\000c\000e}{chapter.3}% 91
\BOOKMARK [2][-]{subsection.3.13.1}{\376\377\0003\000.\0001\0003\000.\0001\000\040\000D\000e\000t\000a\000i\000l\000e\000d\000\040\000D\000e\000s\000c\000r\000i\000p\000t\000i\000o\000n}{section.3.13}% 92
\BOOKMARK [2][-]{subsection.3.13.2}{\376\377\0003\000.\0001\0003\000.\0002\000\040\000C\000o\000n\000s\000t\000r\000u\000c\000t\000o\000r\000\040\000\046\000\040\000D\000e\000s\000t\000r\000u\000c\000t\000o\000r\000\040\000D\000o\000c\000u\000m\000e\000n\000t\000a\000t\000i\000o\000n}{section.3.13}% 93
\BOOKMARK [3][-]{subsubsection.3.13.2.1}{\376\377\0003\000.\0001\0003\000.\0002\000.\0001\000\040\000D\000i\000a\000l\000o\000g\000A\000d\000d\000C\000u\000s\000t\000o\000m\000e\000r}{subsection.3.13.2}% 94
\BOOKMARK [1][-]{section.3.14}{\376\377\0003\000.\0001\0004\000\040\000I\000D\000a\000t\000a\000b\000a\000s\000e\000M\000o\000d\000e\000l\000\040\000C\000l\000a\000s\000s\000\040\000R\000e\000f\000e\000r\000e\000n\000c\000e}{chapter.3}% 95
\BOOKMARK [2][-]{subsection.3.14.1}{\376\377\0003\000.\0001\0004\000.\0001\000\040\000D\000e\000t\000a\000i\000l\000e\000d\000\040\000D\000e\000s\000c\000r\000i\000p\000t\000i\000o\000n}{section.3.14}% 96
\BOOKMARK [2][-]{subsection.3.14.2}{\376\377\0003\000.\0001\0004\000.\0002\000\040\000M\000e\000m\000b\000e\000r\000\040\000F\000u\000n\000c\000t\000i\000o\000n\000\040\000D\000o\000c\000u\000m\000e\000n\000t\000a\000t\000i\000o\000n}{section.3.14}% 97
\BOOKMARK [3][-]{subsubsection.3.14.2.1}{\376\377\0003\000.\0001\0004\000.\0002\000.\0001\000\040\000g\000e\000t\000I\000d}{subsection.3.14.2}% 98
\BOOKMARK [3][-]{subsubsection.3.14.2.2}{\376\377\0003\000.\0001\0004\000.\0002\000.\0002\000\040\000h\000y\000d\000r\000a\000t}{subsection.3.14.2}% 99
\BOOKMARK [3][-]{subsubsection.3.14.2.3}{\376\377\0003\000.\0001\0004\000.\0002\000.\0003\000\040\000s\000e\000t\000I\000d}{subsection.3.14.2}% 100
\BOOKMARK [1][-]{section.3.15}{\376\377\0003\000.\0001\0005\000\040\000L\000o\000g\000\040\000C\000l\000a\000s\000s\000\040\000R\000e\000f\000e\000r\000e\000n\000c\000e}{chapter.3}% 101
\BOOKMARK [2][-]{subsection.3.15.1}{\376\377\0003\000.\0001\0005\000.\0001\000\040\000D\000e\000t\000a\000i\000l\000e\000d\000\040\000D\000e\000s\000c\000r\000i\000p\000t\000i\000o\000n}{section.3.15}% 102
\BOOKMARK [2][-]{subsection.3.15.2}{\376\377\0003\000.\0001\0005\000.\0002\000\040\000M\000e\000m\000b\000e\000r\000\040\000F\000u\000n\000c\000t\000i\000o\000n\000\040\000D\000o\000c\000u\000m\000e\000n\000t\000a\000t\000i\000o\000n}{section.3.15}% 103
\BOOKMARK [3][-]{subsubsection.3.15.2.1}{\376\377\0003\000.\0001\0005\000.\0002\000.\0001\000\040\000i\000n\000s\000t\000a\000n\000c\000e}{subsection.3.15.2}% 104
\BOOKMARK [3][-]{subsubsection.3.15.2.2}{\376\377\0003\000.\0001\0005\000.\0002\000.\0002\000\040\000w\000r\000i\000t\000e}{subsection.3.15.2}% 105
\BOOKMARK [2][-]{subsection.3.15.3}{\376\377\0003\000.\0001\0005\000.\0003\000\040\000F\000r\000i\000e\000n\000d\000s\000\040\000A\000n\000d\000\040\000R\000e\000l\000a\000t\000e\000d\000\040\000F\000u\000n\000c\000t\000i\000o\000n\000\040\000D\000o\000c\000u\000m\000e\000n\000t\000a\000t\000i\000o\000n}{section.3.15}% 106
\BOOKMARK [3][-]{subsubsection.3.15.3.1}{\376\377\0003\000.\0001\0005\000.\0003\000.\0001\000\040\000o\000p\000e\000r\000a\000t\000o\000r\000<\000<}{subsection.3.15.3}% 107
\BOOKMARK [1][-]{section.3.16}{\376\377\0003\000.\0001\0006\000\040\000M\000a\000i\000n\000W\000i\000n\000d\000o\000w\000\040\000C\000l\000a\000s\000s\000\040\000R\000e\000f\000e\000r\000e\000n\000c\000e}{chapter.3}% 108
\BOOKMARK [2][-]{subsection.3.16.1}{\376\377\0003\000.\0001\0006\000.\0001\000\040\000D\000e\000t\000a\000i\000l\000e\000d\000\040\000D\000e\000s\000c\000r\000i\000p\000t\000i\000o\000n}{section.3.16}% 109
\BOOKMARK [2][-]{subsection.3.16.2}{\376\377\0003\000.\0001\0006\000.\0002\000\040\000C\000o\000n\000s\000t\000r\000u\000c\000t\000o\000r\000\040\000\046\000\040\000D\000e\000s\000t\000r\000u\000c\000t\000o\000r\000\040\000D\000o\000c\000u\000m\000e\000n\000t\000a\000t\000i\000o\000n}{section.3.16}% 110
\BOOKMARK [3][-]{subsubsection.3.16.2.1}{\376\377\0003\000.\0001\0006\000.\0002\000.\0001\000\040\000M\000a\000i\000n\000W\000i\000n\000d\000o\000w}{subsection.3.16.2}% 111
\BOOKMARK [2][-]{subsection.3.16.3}{\376\377\0003\000.\0001\0006\000.\0003\000\040\000M\000e\000m\000b\000e\000r\000\040\000F\000u\000n\000c\000t\000i\000o\000n\000\040\000D\000o\000c\000u\000m\000e\000n\000t\000a\000t\000i\000o\000n}{section.3.16}% 112
\BOOKMARK [3][-]{subsubsection.3.16.3.1}{\376\377\0003\000.\0001\0006\000.\0003\000.\0001\000\040\000e\000d\000i\000t\000U\000s\000e\000r}{subsection.3.16.3}% 113
\BOOKMARK [3][-]{subsubsection.3.16.3.2}{\376\377\0003\000.\0001\0006\000.\0003\000.\0002\000\040\000g\000e\000t\000C\000u\000r\000r\000e\000n\000t\000C\000u\000s\000t\000o\000m\000e\000r\000I\000d}{subsection.3.16.3}% 114
\BOOKMARK [3][-]{subsubsection.3.16.3.3}{\376\377\0003\000.\0001\0006\000.\0003\000.\0003\000\040\000n\000e\000w\000P\000r\000o\000j\000e\000c\000t}{subsection.3.16.3}% 115
\BOOKMARK [3][-]{subsubsection.3.16.3.4}{\376\377\0003\000.\0001\0006\000.\0003\000.\0004\000\040\000o\000p\000e\000n\000C\000u\000s\000t\000o\000m\000e\000r}{subsection.3.16.3}% 116
\BOOKMARK [3][-]{subsubsection.3.16.3.5}{\376\377\0003\000.\0001\0006\000.\0003\000.\0005\000\040\000s\000e\000a\000r\000c\000h}{subsection.3.16.3}% 117
\BOOKMARK [1][-]{section.3.17}{\376\377\0003\000.\0001\0007\000\040\000P\000a\000r\000a\000m\000e\000t\000e\000r\000s\000\040\000C\000l\000a\000s\000s\000\040\000R\000e\000f\000e\000r\000e\000n\000c\000e}{chapter.3}% 118
\BOOKMARK [1][-]{section.3.18}{\376\377\0003\000.\0001\0008\000\040\000P\000o\000p\000u\000p\000\040\000C\000l\000a\000s\000s\000\040\000R\000e\000f\000e\000r\000e\000n\000c\000e}{chapter.3}% 119
\BOOKMARK [1][-]{section.3.19}{\376\377\0003\000.\0001\0009\000\040\000P\000r\000o\000j\000e\000c\000t\000\040\000C\000l\000a\000s\000s\000\040\000R\000e\000f\000e\000r\000e\000n\000c\000e}{chapter.3}% 120
\BOOKMARK [2][-]{subsection.3.19.1}{\376\377\0003\000.\0001\0009\000.\0001\000\040\000D\000e\000t\000a\000i\000l\000e\000d\000\040\000D\000e\000s\000c\000r\000i\000p\000t\000i\000o\000n}{section.3.19}% 121
\BOOKMARK [2][-]{subsection.3.19.2}{\376\377\0003\000.\0001\0009\000.\0002\000\040\000C\000o\000n\000s\000t\000r\000u\000c\000t\000o\000r\000\040\000\046\000\040\000D\000e\000s\000t\000r\000u\000c\000t\000o\000r\000\040\000D\000o\000c\000u\000m\000e\000n\000t\000a\000t\000i\000o\000n}{section.3.19}% 122
\BOOKMARK [3][-]{subsubsection.3.19.2.1}{\376\377\0003\000.\0001\0009\000.\0002\000.\0001\000\040\000P\000r\000o\000j\000e\000c\000t}{subsection.3.19.2}% 123
\BOOKMARK [2][-]{subsection.3.19.3}{\376\377\0003\000.\0001\0009\000.\0003\000\040\000M\000e\000m\000b\000e\000r\000\040\000F\000u\000n\000c\000t\000i\000o\000n\000\040\000D\000o\000c\000u\000m\000e\000n\000t\000a\000t\000i\000o\000n}{section.3.19}% 124
\BOOKMARK [3][-]{subsubsection.3.19.3.1}{\376\377\0003\000.\0001\0009\000.\0003\000.\0001\000\040\000g\000e\000t\000C\000u\000s\000t\000o\000m\000e\000r}{subsection.3.19.3}% 125
\BOOKMARK [3][-]{subsubsection.3.19.3.2}{\376\377\0003\000.\0001\0009\000.\0003\000.\0002\000\040\000g\000e\000t\000D\000a\000i\000l\000y\000R\000a\000t\000e}{subsection.3.19.3}% 126
\BOOKMARK [3][-]{subsubsection.3.19.3.3}{\376\377\0003\000.\0001\0009\000.\0003\000.\0003\000\040\000g\000e\000t\000D\000e\000s\000c\000r\000i\000p\000t\000i\000o\000n}{subsection.3.19.3}% 127
\BOOKMARK [3][-]{subsubsection.3.19.3.4}{\376\377\0003\000.\0001\0009\000.\0003\000.\0004\000\040\000g\000e\000t\000N\000a\000m\000e}{subsection.3.19.3}% 128
\BOOKMARK [3][-]{subsubsection.3.19.3.5}{\376\377\0003\000.\0001\0009\000.\0003\000.\0005\000\040\000h\000y\000d\000r\000a\000t}{subsection.3.19.3}% 129
\BOOKMARK [3][-]{subsubsection.3.19.3.6}{\376\377\0003\000.\0001\0009\000.\0003\000.\0006\000\040\000s\000e\000t\000C\000u\000s\000t\000o\000m\000e\000r}{subsection.3.19.3}% 130
\BOOKMARK [3][-]{subsubsection.3.19.3.7}{\376\377\0003\000.\0001\0009\000.\0003\000.\0007\000\040\000s\000e\000t\000D\000a\000i\000l\000y\000R\000a\000t\000e}{subsection.3.19.3}% 131
\BOOKMARK [3][-]{subsubsection.3.19.3.8}{\376\377\0003\000.\0001\0009\000.\0003\000.\0008\000\040\000s\000e\000t\000D\000e\000s\000c\000r\000i\000p\000t\000i\000o\000n}{subsection.3.19.3}% 132
\BOOKMARK [3][-]{subsubsection.3.19.3.9}{\376\377\0003\000.\0001\0009\000.\0003\000.\0009\000\040\000s\000e\000t\000N\000a\000m\000e}{subsection.3.19.3}% 133
\BOOKMARK [1][-]{section.3.20}{\376\377\0003\000.\0002\0000\000\040\000P\000r\000o\000j\000e\000c\000t\000D\000a\000t\000a\000b\000a\000s\000e\000\040\000C\000l\000a\000s\000s\000\040\000R\000e\000f\000e\000r\000e\000n\000c\000e}{chapter.3}% 134
\BOOKMARK [2][-]{subsection.3.20.1}{\376\377\0003\000.\0002\0000\000.\0001\000\040\000D\000e\000t\000a\000i\000l\000e\000d\000\040\000D\000e\000s\000c\000r\000i\000p\000t\000i\000o\000n}{section.3.20}% 135
\BOOKMARK [2][-]{subsection.3.20.2}{\376\377\0003\000.\0002\0000\000.\0002\000\040\000M\000e\000m\000b\000e\000r\000\040\000F\000u\000n\000c\000t\000i\000o\000n\000\040\000D\000o\000c\000u\000m\000e\000n\000t\000a\000t\000i\000o\000n}{section.3.20}% 136
\BOOKMARK [3][-]{subsubsection.3.20.2.1}{\376\377\0003\000.\0002\0000\000.\0002\000.\0001\000\040\000a\000d\000d\000P\000r\000o\000j\000e\000c\000t}{subsection.3.20.2}% 137
\BOOKMARK [3][-]{subsubsection.3.20.2.2}{\376\377\0003\000.\0002\0000\000.\0002\000.\0002\000\040\000g\000e\000t\000N\000b\000P\000r\000o\000j\000e\000c\000t\000s}{subsection.3.20.2}% 138
\BOOKMARK [3][-]{subsubsection.3.20.2.3}{\376\377\0003\000.\0002\0000\000.\0002\000.\0003\000\040\000g\000e\000t\000N\000b\000P\000r\000o\000j\000e\000c\000t\000s\000F\000o\000r\000A\000C\000u\000s\000t\000o\000m\000e\000r}{subsection.3.20.2}% 139
\BOOKMARK [3][-]{subsubsection.3.20.2.4}{\376\377\0003\000.\0002\0000\000.\0002\000.\0004\000\040\000g\000e\000t\000P\000r\000o\000j\000e\000c\000t}{subsection.3.20.2}% 140
\BOOKMARK [3][-]{subsubsection.3.20.2.5}{\376\377\0003\000.\0002\0000\000.\0002\000.\0005\000\040\000i\000n\000s\000t\000a\000n\000c\000e}{subsection.3.20.2}% 141
\BOOKMARK [3][-]{subsubsection.3.20.2.6}{\376\377\0003\000.\0002\0000\000.\0002\000.\0006\000\040\000r\000e\000m\000o\000v\000e\000P\000r\000o\000j\000e\000c\000t}{subsection.3.20.2}% 142
\BOOKMARK [1][-]{section.3.21}{\376\377\0003\000.\0002\0001\000\040\000P\000r\000o\000j\000e\000c\000t\000s\000W\000i\000d\000g\000e\000t\000\040\000C\000l\000a\000s\000s\000\040\000R\000e\000f\000e\000r\000e\000n\000c\000e}{chapter.3}% 143
\BOOKMARK [1][-]{section.3.22}{\376\377\0003\000.\0002\0002\000\040\000R\000a\000t\000e\000W\000i\000d\000g\000e\000t\000\040\000C\000l\000a\000s\000s\000\040\000R\000e\000f\000e\000r\000e\000n\000c\000e}{chapter.3}% 144
\BOOKMARK [1][-]{section.3.23}{\376\377\0003\000.\0002\0003\000\040\000S\000e\000a\000r\000c\000h\000\040\000C\000l\000a\000s\000s\000\040\000R\000e\000f\000e\000r\000e\000n\000c\000e}{chapter.3}% 145
\BOOKMARK [2][-]{subsection.3.23.1}{\376\377\0003\000.\0002\0003\000.\0001\000\040\000D\000e\000t\000a\000i\000l\000e\000d\000\040\000D\000e\000s\000c\000r\000i\000p\000t\000i\000o\000n}{section.3.23}% 146
\BOOKMARK [2][-]{subsection.3.23.2}{\376\377\0003\000.\0002\0003\000.\0002\000\040\000M\000e\000m\000b\000e\000r\000\040\000F\000u\000n\000c\000t\000i\000o\000n\000\040\000D\000o\000c\000u\000m\000e\000n\000t\000a\000t\000i\000o\000n}{section.3.23}% 147
\BOOKMARK [3][-]{subsubsection.3.23.2.1}{\376\377\0003\000.\0002\0003\000.\0002\000.\0001\000\040\000g\000e\000t\000F\000i\000l\000t\000e\000r}{subsection.3.23.2}% 148
\BOOKMARK [3][-]{subsubsection.3.23.2.2}{\376\377\0003\000.\0002\0003\000.\0002\000.\0002\000\040\000g\000e\000t\000G\000r\000o\000u\000p\000F\000i\000l\000t\000e\000r}{subsection.3.23.2}% 149
\BOOKMARK [3][-]{subsubsection.3.23.2.3}{\376\377\0003\000.\0002\0003\000.\0002\000.\0003\000\040\000g\000e\000t\000S\000e\000a\000r\000c\000h\000I\000n\000C\000o\000m\000p\000a\000n\000i\000e\000s}{subsection.3.23.2}% 150
\BOOKMARK [3][-]{subsubsection.3.23.2.4}{\376\377\0003\000.\0002\0003\000.\0002\000.\0004\000\040\000g\000e\000t\000S\000e\000a\000r\000c\000h\000I\000n\000R\000e\000f\000e\000r\000e\000n\000t\000L\000a\000s\000t\000n\000a\000m\000e}{subsection.3.23.2}% 151
\BOOKMARK [3][-]{subsubsection.3.23.2.5}{\376\377\0003\000.\0002\0003\000.\0002\000.\0005\000\040\000g\000e\000t\000T\000e\000x\000t}{subsection.3.23.2}% 152
\BOOKMARK [3][-]{subsubsection.3.23.2.6}{\376\377\0003\000.\0002\0003\000.\0002\000.\0006\000\040\000s\000e\000t\000G\000r\000o\000u\000p\000F\000i\000l\000t\000e\000r}{subsection.3.23.2}% 153
\BOOKMARK [3][-]{subsubsection.3.23.2.7}{\376\377\0003\000.\0002\0003\000.\0002\000.\0007\000\040\000s\000e\000t\000S\000e\000a\000r\000c\000h\000I\000n\000C\000o\000m\000p\000a\000n\000i\000e\000s}{subsection.3.23.2}% 154
\BOOKMARK [3][-]{subsubsection.3.23.2.8}{\376\377\0003\000.\0002\0003\000.\0002\000.\0008\000\040\000s\000e\000t\000S\000e\000a\000r\000c\000h\000I\000n\000R\000e\000f\000e\000r\000e\000n\000t\000L\000a\000s\000t\000n\000a\000m\000e}{subsection.3.23.2}% 155
\BOOKMARK [3][-]{subsubsection.3.23.2.9}{\376\377\0003\000.\0002\0003\000.\0002\000.\0009\000\040\000s\000e\000t\000T\000e\000x\000t}{subsection.3.23.2}% 156
\BOOKMARK [1][-]{section.3.24}{\376\377\0003\000.\0002\0004\000\040\000s\000e\000a\000r\000c\000h\000W\000i\000d\000g\000e\000t\000\040\000C\000l\000a\000s\000s\000\040\000R\000e\000f\000e\000r\000e\000n\000c\000e}{chapter.3}% 157
\BOOKMARK [2][-]{subsection.3.24.1}{\376\377\0003\000.\0002\0004\000.\0001\000\040\000M\000e\000m\000b\000e\000r\000\040\000F\000u\000n\000c\000t\000i\000o\000n\000\040\000D\000o\000c\000u\000m\000e\000n\000t\000a\000t\000i\000o\000n}{section.3.24}% 158
\BOOKMARK [3][-]{subsubsection.3.24.1.1}{\376\377\0003\000.\0002\0004\000.\0001\000.\0001\000\040\000g\000e\000t\000C\000u\000r\000r\000e\000n\000t\000C\000u\000s\000t\000o\000m\000e\000r\000I\000d}{subsection.3.24.1}% 159
\BOOKMARK [1][-]{section.3.25}{\376\377\0003\000.\0002\0005\000\040\000U\000s\000e\000r\000\040\000C\000l\000a\000s\000s\000\040\000R\000e\000f\000e\000r\000e\000n\000c\000e}{chapter.3}% 160
\BOOKMARK [2][-]{subsection.3.25.1}{\376\377\0003\000.\0002\0005\000.\0001\000\040\000D\000e\000t\000a\000i\000l\000e\000d\000\040\000D\000e\000s\000c\000r\000i\000p\000t\000i\000o\000n}{section.3.25}% 161
\BOOKMARK [2][-]{subsection.3.25.2}{\376\377\0003\000.\0002\0005\000.\0002\000\040\000C\000o\000n\000s\000t\000r\000u\000c\000t\000o\000r\000\040\000\046\000\040\000D\000e\000s\000t\000r\000u\000c\000t\000o\000r\000\040\000D\000o\000c\000u\000m\000e\000n\000t\000a\000t\000i\000o\000n}{section.3.25}% 162
\BOOKMARK [3][-]{subsubsection.3.25.2.1}{\376\377\0003\000.\0002\0005\000.\0002\000.\0001\000\040\000U\000s\000e\000r}{subsection.3.25.2}% 163
\BOOKMARK [2][-]{subsection.3.25.3}{\376\377\0003\000.\0002\0005\000.\0003\000\040\000M\000e\000m\000b\000e\000r\000\040\000F\000u\000n\000c\000t\000i\000o\000n\000\040\000D\000o\000c\000u\000m\000e\000n\000t\000a\000t\000i\000o\000n}{section.3.25}% 164
\BOOKMARK [3][-]{subsubsection.3.25.3.1}{\376\377\0003\000.\0002\0005\000.\0003\000.\0001\000\040\000g\000e\000t\000A\000d\000d\000r\000e\000s\000s}{subsection.3.25.3}% 165
\BOOKMARK [3][-]{subsubsection.3.25.3.2}{\376\377\0003\000.\0002\0005\000.\0003\000.\0002\000\040\000g\000e\000t\000C\000i\000t\000y}{subsection.3.25.3}% 166
\BOOKMARK [3][-]{subsubsection.3.25.3.3}{\376\377\0003\000.\0002\0005\000.\0003\000.\0003\000\040\000g\000e\000t\000C\000o\000m\000p\000a\000n\000y}{subsection.3.25.3}% 167
\BOOKMARK [3][-]{subsubsection.3.25.3.4}{\376\377\0003\000.\0002\0005\000.\0003\000.\0004\000\040\000g\000e\000t\000E\000m\000a\000i\000l}{subsection.3.25.3}% 168
\BOOKMARK [3][-]{subsubsection.3.25.3.5}{\376\377\0003\000.\0002\0005\000.\0003\000.\0005\000\040\000g\000e\000t\000F\000i\000r\000s\000t\000n\000a\000m\000e}{subsection.3.25.3}% 169
\BOOKMARK [3][-]{subsubsection.3.25.3.6}{\376\377\0003\000.\0002\0005\000.\0003\000.\0006\000\040\000g\000e\000t\000L\000a\000s\000t\000n\000a\000m\000e}{subsection.3.25.3}% 170
\BOOKMARK [3][-]{subsubsection.3.25.3.7}{\376\377\0003\000.\0002\0005\000.\0003\000.\0007\000\040\000g\000e\000t\000M\000o\000b\000i\000l\000e\000P\000h\000o\000n\000e}{subsection.3.25.3}% 171
\BOOKMARK [3][-]{subsubsection.3.25.3.8}{\376\377\0003\000.\0002\0005\000.\0003\000.\0008\000\040\000g\000e\000t\000N\000o\000S\000i\000r\000e\000t}{subsection.3.25.3}% 172
\BOOKMARK [3][-]{subsubsection.3.25.3.9}{\376\377\0003\000.\0002\0005\000.\0003\000.\0009\000\040\000g\000e\000t\000P\000h\000o\000n\000e}{subsection.3.25.3}% 173
\BOOKMARK [3][-]{subsubsection.3.25.3.10}{\376\377\0003\000.\0002\0005\000.\0003\000.\0001\0000\000\040\000g\000e\000t\000P\000o\000s\000t\000a\000l\000C\000o\000d\000e}{subsection.3.25.3}% 174
\BOOKMARK [3][-]{subsubsection.3.25.3.11}{\376\377\0003\000.\0002\0005\000.\0003\000.\0001\0001\000\040\000g\000e\000t\000T\000i\000t\000l\000e}{subsection.3.25.3}% 175
\BOOKMARK [3][-]{subsubsection.3.25.3.12}{\376\377\0003\000.\0002\0005\000.\0003\000.\0001\0002\000\040\000h\000y\000d\000r\000a\000t}{subsection.3.25.3}% 176
\BOOKMARK [3][-]{subsubsection.3.25.3.13}{\376\377\0003\000.\0002\0005\000.\0003\000.\0001\0003\000\040\000s\000e\000t\000A\000d\000d\000r\000e\000s\000s}{subsection.3.25.3}% 177
\BOOKMARK [3][-]{subsubsection.3.25.3.14}{\376\377\0003\000.\0002\0005\000.\0003\000.\0001\0004\000\040\000s\000e\000t\000C\000i\000t\000y}{subsection.3.25.3}% 178
\BOOKMARK [3][-]{subsubsection.3.25.3.15}{\376\377\0003\000.\0002\0005\000.\0003\000.\0001\0005\000\040\000s\000e\000t\000C\000o\000m\000p\000a\000n\000y}{subsection.3.25.3}% 179
\BOOKMARK [3][-]{subsubsection.3.25.3.16}{\376\377\0003\000.\0002\0005\000.\0003\000.\0001\0006\000\040\000s\000e\000t\000E\000m\000a\000i\000l}{subsection.3.25.3}% 180
\BOOKMARK [3][-]{subsubsection.3.25.3.17}{\376\377\0003\000.\0002\0005\000.\0003\000.\0001\0007\000\040\000s\000e\000t\000F\000i\000r\000s\000t\000n\000a\000m\000e}{subsection.3.25.3}% 181
\BOOKMARK [3][-]{subsubsection.3.25.3.18}{\376\377\0003\000.\0002\0005\000.\0003\000.\0001\0008\000\040\000s\000e\000t\000L\000a\000s\000t\000n\000a\000m\000e}{subsection.3.25.3}% 182
\BOOKMARK [3][-]{subsubsection.3.25.3.19}{\376\377\0003\000.\0002\0005\000.\0003\000.\0001\0009\000\040\000s\000e\000t\000M\000o\000b\000i\000l\000e\000P\000h\000o\000n\000e}{subsection.3.25.3}% 183
\BOOKMARK [3][-]{subsubsection.3.25.3.20}{\376\377\0003\000.\0002\0005\000.\0003\000.\0002\0000\000\040\000s\000e\000t\000N\000o\000S\000i\000r\000e\000t}{subsection.3.25.3}% 184
\BOOKMARK [3][-]{subsubsection.3.25.3.21}{\376\377\0003\000.\0002\0005\000.\0003\000.\0002\0001\000\040\000s\000e\000t\000P\000h\000o\000n\000e}{subsection.3.25.3}% 185
\BOOKMARK [3][-]{subsubsection.3.25.3.22}{\376\377\0003\000.\0002\0005\000.\0003\000.\0002\0002\000\040\000s\000e\000t\000P\000o\000s\000t\000a\000l\000C\000o\000d\000e}{subsection.3.25.3}% 186
\BOOKMARK [3][-]{subsubsection.3.25.3.23}{\376\377\0003\000.\0002\0005\000.\0003\000.\0002\0003\000\040\000s\000e\000t\000T\000i\000t\000l\000e}{subsection.3.25.3}% 187
\BOOKMARK [1][-]{section.3.26}{\376\377\0003\000.\0002\0006\000\040\000U\000s\000e\000r\000D\000a\000t\000a\000b\000a\000s\000e\000\040\000C\000l\000a\000s\000s\000\040\000R\000e\000f\000e\000r\000e\000n\000c\000e}{chapter.3}% 188
\BOOKMARK [2][-]{subsection.3.26.1}{\376\377\0003\000.\0002\0006\000.\0001\000\040\000D\000e\000t\000a\000i\000l\000e\000d\000\040\000D\000e\000s\000c\000r\000i\000p\000t\000i\000o\000n}{section.3.26}% 189
\BOOKMARK [2][-]{subsection.3.26.2}{\376\377\0003\000.\0002\0006\000.\0002\000\040\000M\000e\000m\000b\000e\000r\000\040\000F\000u\000n\000c\000t\000i\000o\000n\000\040\000D\000o\000c\000u\000m\000e\000n\000t\000a\000t\000i\000o\000n}{section.3.26}% 190
\BOOKMARK [3][-]{subsubsection.3.26.2.1}{\376\377\0003\000.\0002\0006\000.\0002\000.\0001\000\040\000g\000e\000t\000U\000s\000e\000r}{subsection.3.26.2}% 191
\BOOKMARK [3][-]{subsubsection.3.26.2.2}{\376\377\0003\000.\0002\0006\000.\0002\000.\0002\000\040\000g\000e\000t\000U\000s\000e\000r\000T\000a\000b\000l\000e}{subsection.3.26.2}% 192
\BOOKMARK [3][-]{subsubsection.3.26.2.3}{\376\377\0003\000.\0002\0006\000.\0002\000.\0003\000\040\000i\000n\000s\000t\000a\000n\000c\000e}{subsection.3.26.2}% 193
\BOOKMARK [1][-]{section.3.27}{\376\377\0003\000.\0002\0007\000\040\000U\000s\000e\000r\000D\000a\000t\000a\000D\000i\000a\000l\000o\000g\000\040\000C\000l\000a\000s\000s\000\040\000R\000e\000f\000e\000r\000e\000n\000c\000e}{chapter.3}% 194
\BOOKMARK [2][-]{subsection.3.27.1}{\376\377\0003\000.\0002\0007\000.\0001\000\040\000D\000e\000t\000a\000i\000l\000e\000d\000\040\000D\000e\000s\000c\000r\000i\000p\000t\000i\000o\000n}{section.3.27}% 195
\BOOKMARK [2][-]{subsection.3.27.2}{\376\377\0003\000.\0002\0007\000.\0002\000\040\000C\000o\000n\000s\000t\000r\000u\000c\000t\000o\000r\000\040\000\046\000\040\000D\000e\000s\000t\000r\000u\000c\000t\000o\000r\000\040\000D\000o\000c\000u\000m\000e\000n\000t\000a\000t\000i\000o\000n}{section.3.27}% 196
\BOOKMARK [3][-]{subsubsection.3.27.2.1}{\376\377\0003\000.\0002\0007\000.\0002\000.\0001\000\040\000U\000s\000e\000r\000D\000a\000t\000a\000D\000i\000a\000l\000o\000g}{subsection.3.27.2}% 197
\BOOKMARK [1][-]{section.3.28}{\376\377\0003\000.\0002\0008\000\040\000U\000t\000i\000l\000s\000\040\000C\000l\000a\000s\000s\000\040\000R\000e\000f\000e\000r\000e\000n\000c\000e}{chapter.3}% 198
\BOOKMARK [0][-]{section*.51}{\376\377\000I\000n\000d\000e\000x}{}% 199
