\BOOKMARK [0][-]{chapter.1}{Interface g\351n\351rale}{}% 1
\BOOKMARK [1][-]{section.1.1}{Menus}{chapter.1}% 2
\BOOKMARK [1][-]{section.1.2}{Barre d'outils}{chapter.1}% 3
\BOOKMARK [1][-]{section.1.3}{Panneau du client ou du r\351f\351rent}{chapter.1}% 4
\BOOKMARK [1][-]{section.1.4}{Panneau de l'utilisateur}{chapter.1}% 5
\BOOKMARK [1][-]{section.1.5}{Panneau hi\351rarchique}{chapter.1}% 6
\BOOKMARK [1][-]{section.1.6}{Panneau de recherche}{chapter.1}% 7
\BOOKMARK [0][-]{chapter.2}{Les donn\351es utilisateur}{}% 8
\BOOKMARK [1][-]{section.2.1}{Initialisation et modification des donn\351es de l'utilisateur}{chapter.2}% 9
\BOOKMARK [0][-]{chapter.3}{Les clients}{}% 10
\BOOKMARK [1][-]{section.3.1}{Liste des clients}{chapter.3}% 11
\BOOKMARK [1][-]{section.3.2}{Ajout d'un client}{chapter.3}% 12
\BOOKMARK [1][-]{section.3.3}{\311dition d'un client}{chapter.3}% 13
\BOOKMARK [0][-]{chapter.4}{Les projets}{}% 14
\BOOKMARK [1][-]{section.4.1}{Liste des projets}{chapter.4}% 15
\BOOKMARK [1][-]{section.4.2}{Ajout d'un projet}{chapter.4}% 16
\BOOKMARK [1][-]{section.4.3}{\311dition d'un projet}{chapter.4}% 17
\BOOKMARK [0][-]{chapter.5}{Les devis}{}% 18
\BOOKMARK [1][-]{section.5.1}{Liste des devis}{chapter.5}% 19
\BOOKMARK [1][-]{section.5.2}{Ajouter un devis}{chapter.5}% 20
\BOOKMARK [1][-]{section.5.3}{Les Prestations}{chapter.5}% 21
\BOOKMARK [0][-]{appendix.A}{Table des figures}{}% 22
\BOOKMARK [0][-]{appendix*.3}{Index}{}% 23
