\BOOKMARK [0][-]{chapter.1}{Description du Projet}{}% 1
\BOOKMARK [1][-]{section.1.1}{Objet du projet}{chapter.1}% 2
\BOOKMARK [1][-]{section.1.2}{Pr\351sentation des Parties Prenantes}{chapter.1}% 3
\BOOKMARK [0][-]{chapter.2}{Production}{}% 4
\BOOKMARK [1][-]{section.2.1}{M\351thode de d\351veloppement}{chapter.2}% 5
\BOOKMARK [1][-]{section.2.2}{Technologies utilis\351es}{chapter.2}% 6
\BOOKMARK [0][-]{chapter.3}{Fournitures et Livrables}{}% 7
\BOOKMARK [0][-]{chapter.4}{Planning}{}% 8
\BOOKMARK [0][-]{chapter.5}{La D\351marche Qualit\351}{}% 9
\BOOKMARK [1][-]{section.5.1}{D\351veloppement collaboratif}{chapter.5}% 10
\BOOKMARK [1][-]{section.5.2}{Couverture des tests}{chapter.5}% 11
\BOOKMARK [1][-]{section.5.3}{Analyse statique de code : SonarQube}{chapter.5}% 12
\BOOKMARK [0][-]{chapter.6}{Matrice de tra\347abilit\351}{}% 13
\BOOKMARK [0][-]{appendix.A}{Conventions de programmation en C++}{}% 14
\BOOKMARK [1][-]{section.A.1}{English, of course !}{appendix.A}% 15
\BOOKMARK [1][-]{section.A.2}{Le nommage}{appendix.A}% 16
\BOOKMARK [1][-]{section.A.3}{L'indentation}{appendix.A}% 17
\BOOKMARK [1][-]{section.A.4}{Les accolades}{appendix.A}% 18
\BOOKMARK [1][-]{section.A.5}{Les types}{appendix.A}% 19
\BOOKMARK [1][-]{section.A.6}{Les bonnes pratiques}{appendix.A}% 20
\BOOKMARK [1][-]{section.A.7}{Conventions des composants graphiques}{appendix.A}% 21
\BOOKMARK [1][-]{section.A.8}{Conventions de documentation}{appendix.A}% 22
\BOOKMARK [0][-]{appendix.B}{Backlog product}{}% 23
\BOOKMARK [0][-]{appendix.C}{Table des figures}{}% 24
\BOOKMARK [0][-]{appendix*.3}{Index}{}% 25
